#
# There is insufficient memory for the Java Runtime Environment to continue.
# Native memory allocation (malloc) failed to allocate 204528 bytes for Chunk::new
# Possible reasons:
#   The system is out of physical RAM or swap space
#   In 32 bit mode, the process size limit was hit
# Possible solutions:
#   Reduce memory load on the system
#   Increase physical memory or swap space
#   Check if swap backing store is full
#   Use 64 bit Java on a 64 bit OS
#   Decrease Java heap size (-Xmx/-Xms)
#   Decrease number of Java threads
#   Decrease Java thread stack sizes (-Xss)
#   Set larger code cache with -XX:ReservedCodeCacheSize=
# This output file may be truncated or incomplete.
#
#  Out of Memory Error (allocation.cpp:390), pid=12848, tid=0x0000000000000a64
#
# JRE version: OpenJDK Runtime Environment (8.0_76-b03) (build 1.8.0_76-release-b03)
# Java VM: OpenJDK 64-Bit Server VM (25.76-b03 mixed mode windows-amd64 compressed oops)
# Failed to write core dump. Minidumps are not enabled by default on client versions of Windows
#

---------------  T H R E A D  ---------------

Current thread (0x0000000016e59800):  JavaThread "C2 CompilerThread0" daemon [_thread_in_native, id=2660, stack(0x0000000018360000,0x0000000018460000)]

Stack: [0x0000000018360000,0x0000000018460000]
[error occurred during error reporting (printing stack bounds), id 0xc0000005]

Native frames: (J=compiled Java code, j=interpreted, Vv=VM code, C=native code)


Current CompileTask:
C2:  66660 9597       4       org.objectweb.asm.ClassReader::a (3351 bytes)


---------------  P R O C E S S  ---------------

Java Threads: ( => current thread )
  0x0000000021861800 JavaThread "pool-4-thread-4" [_thread_blocked, id=2728, stack(0x0000000022e50000,0x0000000022f50000)]
  0x0000000021860000 JavaThread "pool-4-thread-3" [_thread_blocked, id=12568, stack(0x0000000022d50000,0x0000000022e50000)]
  0x0000000021866800 JavaThread "pool-4-thread-2" [_thread_blocked, id=9680, stack(0x0000000022c50000,0x0000000022d50000)]
  0x0000000021860800 JavaThread "pool-4-thread-1" [_thread_blocked, id=2684, stack(0x0000000022b50000,0x0000000022c50000)]
  0x0000000021863800 JavaThread "Stdin handler" [_thread_blocked, id=9104, stack(0x0000000022580000,0x0000000022680000)]
  0x000000001a602000 JavaThread "Asynchronous log dispatcher for org.gradle.launcher.daemon.server.DefaultDaemonConnection@4be709de" [_thread_blocked, id=8960, stack(0x0000000022480000,0x0000000022580000)]
  0x000000001a601800 JavaThread "Cancel handler" [_thread_blocked, id=9172, stack(0x0000000021320000,0x0000000021420000)]
  0x000000001a600800 JavaThread "Handler for socket connection from /127.0.0.1:51618 to /127.0.0.1:51627" [_thread_in_native, id=3756, stack(0x0000000020e00000,0x0000000020f00000)]
  0x000000001a2db800 JavaThread "File lock request listener" [_thread_in_native, id=8260, stack(0x000000001c4f0000,0x000000001c5f0000)]
  0x00000000198ef800 JavaThread "Daemon worker" [_thread_in_native, id=8344, stack(0x000000001ac20000,0x000000001ad20000)]
  0x0000000019d5f800 JavaThread "Daemon" [_thread_blocked, id=6332, stack(0x000000001a920000,0x000000001aa20000)]
  0x000000001985d000 JavaThread "pool-1-thread-1" [_thread_blocked, id=11320, stack(0x000000001a820000,0x000000001a920000)]
  0x0000000019c9a000 JavaThread "Incoming local TCP Connector on port 51618" [_thread_in_native, id=8364, stack(0x0000000019460000,0x0000000019560000)]
  0x00000000185a1000 JavaThread "Service Thread" daemon [_thread_blocked, id=2668, stack(0x0000000018a60000,0x0000000018b60000)]
  0x000000001856c000 JavaThread "C1 CompilerThread2" daemon [_thread_blocked, id=5440, stack(0x0000000018960000,0x0000000018a60000)]
  0x0000000016e5c000 JavaThread "C2 CompilerThread1" daemon [_thread_in_native, id=10796, stack(0x0000000018460000,0x0000000018560000)]
=>0x0000000016e59800 JavaThread "C2 CompilerThread0" daemon [_thread_in_native, id=2660, stack(0x0000000018360000,0x0000000018460000)]
  0x0000000016e58800 JavaThread "Attach Listener" daemon [_thread_blocked, id=860, stack(0x0000000018260000,0x0000000018360000)]
  0x0000000016e0e000 JavaThread "Signal Dispatcher" daemon [_thread_blocked, id=13124, stack(0x0000000018160000,0x0000000018260000)]
  0x0000000016de8800 JavaThread "Finalizer" daemon [_thread_blocked, id=8420, stack(0x0000000018060000,0x0000000018160000)]
  0x0000000003481800 JavaThread "Reference Handler" daemon [_thread_blocked, id=2564, stack(0x0000000017f60000,0x0000000018060000)]
  0x0000000003390800 JavaThread "main" [_thread_blocked, id=9828, stack(0x0000000003290000,0x0000000003390000)]

Other Threads:
  0x0000000016dc4000 VMThread [stack: 0x0000000017e60000,0x0000000017f60000] [id=10948]
  0x00000000185a2800 WatcherThread [stack: 0x0000000018b60000,0x0000000018c60000] [id=3996]

VM state:not at safepoint (normal execution)

VM Mutex/Monitor currently owned by a thread: None

Heap:
 PSYoungGen      total 194048K, used 157844K [0x00000000e0000000, 0x00000000ef480000, 0x0000000100000000)
  eden space 172032K, 87% used [0x00000000e0000000,0x00000000e937ac58,0x00000000ea800000)
  from space 22016K, 31% used [0x00000000ea800000,0x00000000eaeaa668,0x00000000ebd80000)
  to   space 21504K, 0% used [0x00000000edf80000,0x00000000edf80000,0x00000000ef480000)
 ParOldGen       total 66048K, used 40536K [0x00000000a0000000, 0x00000000a4080000, 0x00000000e0000000)
  object space 66048K, 61% used [0x00000000a0000000,0x00000000a2796360,0x00000000a4080000)
 Metaspace       used 58157K, capacity 60408K, committed 60592K, reserved 1101824K
  class space    used 7766K, capacity 8269K, committed 8368K, reserved 1048576K

Card table byte_map: [0x0000000012850000,0x0000000012b60000] byte_map_base: 0x0000000012350000

Marking Bits: (ParMarkBitMap*) 0x000000005f049d00
 Begin Bits: [0x0000000013160000, 0x0000000014960000)
 End Bits:   [0x0000000014960000, 0x0000000016160000)

Polling page: 0x0000000002e20000

CodeCache: size=245760Kb used=29173Kb max_used=29179Kb free=216586Kb
 bounds [0x0000000003490000, 0x0000000005130000, 0x0000000012490000]
 total_blobs=8940 nmethods=8220 adapters=631
 compilation: enabled

Compilation events (10 events):
Event: 66.594 Thread 0x0000000016e5c000 nmethod 9587 0x0000000005088050 code [0x0000000005088180, 0x0000000005088278]
Event: 66.594 Thread 0x0000000016e5c000 9583       4       org.objectweb.asm.MethodWriter::visitLdcInsn (176 bytes)
Event: 66.642 Thread 0x0000000016e5c000 nmethod 9583 0x0000000005126290 code [0x0000000005126560, 0x0000000005127c38]
Event: 66.642 Thread 0x0000000016e5c000 9602       4       org.objectweb.asm.tree.MethodNode::accept (898 bytes)
Event: 66.642 Thread 0x000000001856c000 9603       1       org.objectweb.asm.tree.ClassNode::visitSource (11 bytes)
Event: 66.642 Thread 0x000000001856c000 nmethod 9603 0x000000000507e610 code [0x000000000507e760, 0x000000000507e890]
Event: 66.642 Thread 0x000000001856c000 9606       1       org.objectweb.asm.ClassWriter::visitEnd (1 bytes)
Event: 66.643 Thread 0x000000001856c000 nmethod 9606 0x0000000005053b50 code [0x0000000005053ca0, 0x0000000005053db0]
Event: 66.643 Thread 0x000000001856c000 9604       1       org.objectweb.asm.tree.ClassNode::visitEnd (1 bytes)
Event: 66.643 Thread 0x000000001856c000 nmethod 9604 0x0000000003a0b910 code [0x0000000003a0ba60, 0x0000000003a0bb70]

GC Heap History (10 events):
Event: 16.008 GC heap before
{Heap before GC invocations=12 (full 2):
 PSYoungGen      total 148992K, used 148969K [0x00000000e0000000, 0x00000000ebf80000, 0x0000000100000000)
  eden space 137216K, 100% used [0x00000000e0000000,0x00000000e8600000,0x00000000e8600000)
  from space 11776K, 99% used [0x00000000e8600000,0x00000000e917a6e8,0x00000000e9180000)
  to   space 14336K, 0% used [0x00000000eb180000,0x00000000eb180000,0x00000000ebf80000)
 ParOldGen       total 66048K, used 21073K [0x00000000a0000000, 0x00000000a4080000, 0x00000000e0000000)
  object space 66048K, 31% used [0x00000000a0000000,0x00000000a1494638,0x00000000a4080000)
 Metaspace       used 50240K, capacity 51820K, committed 52016K, reserved 1093632K
  class space    used 6826K, capacity 7196K, committed 7216K, reserved 1048576K
Event: 16.069 GC heap after
Heap after GC invocations=12 (full 2):
 PSYoungGen      total 175104K, used 14335K [0x00000000e0000000, 0x00000000ed000000, 0x0000000100000000)
  eden space 160768K, 0% used [0x00000000e0000000,0x00000000e0000000,0x00000000e9d00000)
  from space 14336K, 99% used [0x00000000eb180000,0x00000000ebf7fff0,0x00000000ebf80000)
  to   space 20992K, 0% used [0x00000000e9d00000,0x00000000e9d00000,0x00000000eb180000)
 ParOldGen       total 66048K, used 33151K [0x00000000a0000000, 0x00000000a4080000, 0x00000000e0000000)
  object space 66048K, 50% used [0x00000000a0000000,0x00000000a205fe90,0x00000000a4080000)
 Metaspace       used 50240K, capacity 51820K, committed 52016K, reserved 1093632K
  class space    used 6826K, capacity 7196K, committed 7216K, reserved 1048576K
}
Event: 17.129 GC heap before
{Heap before GC invocations=13 (full 2):
 PSYoungGen      total 175104K, used 48805K [0x00000000e0000000, 0x00000000ed000000, 0x0000000100000000)
  eden space 160768K, 21% used [0x00000000e0000000,0x00000000e21a9780,0x00000000e9d00000)
  from space 14336K, 99% used [0x00000000eb180000,0x00000000ebf7fff0,0x00000000ebf80000)
  to   space 20992K, 0% used [0x00000000e9d00000,0x00000000e9d00000,0x00000000eb180000)
 ParOldGen       total 66048K, used 33151K [0x00000000a0000000, 0x00000000a4080000, 0x00000000e0000000)
  object space 66048K, 50% used [0x00000000a0000000,0x00000000a205fe90,0x00000000a4080000)
 Metaspace       used 51764K, capacity 53778K, committed 53936K, reserved 1095680K
  class space    used 7097K, capacity 7576K, committed 7600K, reserved 1048576K
Event: 17.174 GC heap after
Heap after GC invocations=13 (full 2):
 PSYoungGen      total 181760K, used 18287K [0x00000000e0000000, 0x00000000ed400000, 0x0000000100000000)
  eden space 160768K, 0% used [0x00000000e0000000,0x00000000e0000000,0x00000000e9d00000)
  from space 20992K, 87% used [0x00000000e9d00000,0x00000000eaedbce8,0x00000000eb180000)
  to   space 23040K, 0% used [0x00000000ebd80000,0x00000000ebd80000,0x00000000ed400000)
 ParOldGen       total 66048K, used 33151K [0x00000000a0000000, 0x00000000a4080000, 0x00000000e0000000)
  object space 66048K, 50% used [0x00000000a0000000,0x00000000a205fe90,0x00000000a4080000)
 Metaspace       used 51764K, capacity 53778K, committed 53936K, reserved 1095680K
  class space    used 7097K, capacity 7576K, committed 7600K, reserved 1048576K
}
Event: 17.174 GC heap before
{Heap before GC invocations=14 (full 3):
 PSYoungGen      total 181760K, used 18287K [0x00000000e0000000, 0x00000000ed400000, 0x0000000100000000)
  eden space 160768K, 0% used [0x00000000e0000000,0x00000000e0000000,0x00000000e9d00000)
  from space 20992K, 87% used [0x00000000e9d00000,0x00000000eaedbce8,0x00000000eb180000)
  to   space 23040K, 0% used [0x00000000ebd80000,0x00000000ebd80000,0x00000000ed400000)
 ParOldGen       total 66048K, used 33151K [0x00000000a0000000, 0x00000000a4080000, 0x00000000e0000000)
  object space 66048K, 50% used [0x00000000a0000000,0x00000000a205fe90,0x00000000a4080000)
 Metaspace       used 51764K, capacity 53778K, committed 53936K, reserved 1095680K
  class space    used 7097K, capacity 7576K, committed 7600K, reserved 1048576K
Event: 17.583 GC heap after
Heap after GC invocations=14 (full 3):
 PSYoungGen      total 181760K, used 0K [0x00000000e0000000, 0x00000000ed400000, 0x0000000100000000)
  eden space 160768K, 0% used [0x00000000e0000000,0x00000000e0000000,0x00000000e9d00000)
  from space 20992K, 0% used [0x00000000e9d00000,0x00000000e9d00000,0x00000000eb180000)
  to   space 23040K, 0% used [0x00000000ebd80000,0x00000000ebd80000,0x00000000ed400000)
 ParOldGen       total 66048K, used 40520K [0x00000000a0000000, 0x00000000a4080000, 0x00000000e0000000)
  object space 66048K, 61% used [0x00000000a0000000,0x00000000a2792360,0x00000000a4080000)
 Metaspace       used 51764K, capacity 53778K, committed 53936K, reserved 1095680K
  class space    used 7097K, capacity 7576K, committed 7600K, reserved 1048576K
}
Event: 32.896 GC heap before
{Heap before GC invocations=15 (full 3):
 PSYoungGen      total 181760K, used 160768K [0x00000000e0000000, 0x00000000ed400000, 0x0000000100000000)
  eden space 160768K, 100% used [0x00000000e0000000,0x00000000e9d00000,0x00000000e9d00000)
  from space 20992K, 0% used [0x00000000e9d00000,0x00000000e9d00000,0x00000000eb180000)
  to   space 23040K, 0% used [0x00000000ebd80000,0x00000000ebd80000,0x00000000ed400000)
 ParOldGen       total 66048K, used 40520K [0x00000000a0000000, 0x00000000a4080000, 0x00000000e0000000)
  object space 66048K, 61% used [0x00000000a0000000,0x00000000a2792360,0x00000000a4080000)
 Metaspace       used 55300K, capacity 57432K, committed 57648K, reserved 1099776K
  class space    used 7450K, capacity 7943K, committed 7984K, reserved 1048576K
Event: 32.937 GC heap after
Heap after GC invocations=15 (full 3):
 PSYoungGen      total 195072K, used 11444K [0x00000000e0000000, 0x00000000eea00000, 0x0000000100000000)
  eden space 172032K, 0% used [0x00000000e0000000,0x00000000e0000000,0x00000000ea800000)
  from space 23040K, 49% used [0x00000000ebd80000,0x00000000ec8ad280,0x00000000ed400000)
  to   space 22016K, 0% used [0x00000000ea800000,0x00000000ea800000,0x00000000ebd80000)
 ParOldGen       total 66048K, used 40528K [0x00000000a0000000, 0x00000000a4080000, 0x00000000e0000000)
  object space 66048K, 61% used [0x00000000a0000000,0x00000000a2794360,0x00000000a4080000)
 Metaspace       used 55300K, capacity 57432K, committed 57648K, reserved 1099776K
  class space    used 7450K, capacity 7943K, committed 7984K, reserved 1048576K
}
Event: 48.644 GC heap before
{Heap before GC invocations=16 (full 3):
 PSYoungGen      total 195072K, used 183476K [0x00000000e0000000, 0x00000000eea00000, 0x0000000100000000)
  eden space 172032K, 100% used [0x00000000e0000000,0x00000000ea800000,0x00000000ea800000)
  from space 23040K, 49% used [0x00000000ebd80000,0x00000000ec8ad280,0x00000000ed400000)
  to   space 22016K, 0% used [0x00000000ea800000,0x00000000ea800000,0x00000000ebd80000)
 ParOldGen       total 66048K, used 40528K [0x00000000a0000000, 0x00000000a4080000, 0x00000000e0000000)
  object space 66048K, 61% used [0x00000000a0000000,0x00000000a2794360,0x00000000a4080000)
 Metaspace       used 56137K, capacity 58352K, committed 58544K, reserved 1099776K
  class space    used 7528K, capacity 8025K, committed 8112K, reserved 1048576K
Event: 48.759 GC heap after
Heap after GC invocations=16 (full 3):
 PSYoungGen      total 194048K, used 6825K [0x00000000e0000000, 0x00000000ef480000, 0x0000000100000000)
  eden space 172032K, 0% used [0x00000000e0000000,0x00000000e0000000,0x00000000ea800000)
  from space 22016K, 31% used [0x00000000ea800000,0x00000000eaeaa668,0x00000000ebd80000)
  to   space 21504K, 0% used [0x00000000edf80000,0x00000000edf80000,0x00000000ef480000)
 ParOldGen       total 66048K, used 40536K [0x00000000a0000000, 0x00000000a4080000, 0x00000000e0000000)
  object space 66048K, 61% used [0x00000000a0000000,0x00000000a2796360,0x00000000a4080000)
 Metaspace       used 56137K, capacity 58352K, committed 58544K, reserved 1099776K
  class space    used 7528K, capacity 8025K, committed 8112K, reserved 1048576K
}

Deoptimization events (10 events):
Event: 66.204 Thread 0x00000000198ef800 Uncommon trap: reason=unstable_if action=reinterpret pc=0x00000000050bae28 method=org.objectweb.asm.Type.getArgumentsAndReturnSizes(Ljava/lang/String;)I @ 100
Event: 66.204 Thread 0x00000000198ef800 Uncommon trap: reason=unstable_if action=reinterpret pc=0x00000000050534a8 method=org.objectweb.asm.Type.a([CI)Lorg/objectweb/asm/Type; @ 165
Event: 66.204 Thread 0x00000000198ef800 Uncommon trap: reason=unstable_if action=reinterpret pc=0x000000000505dc74 method=org.objectweb.asm.Frame.b(Lorg/objectweb/asm/ClassWriter;Ljava/lang/String;)I @ 194
Event: 66.251 Thread 0x00000000198ef800 Uncommon trap: reason=unloaded action=reinterpret pc=0x000000000505cb68 method=org.objectweb.asm.ClassReader.readConst(I[C)Ljava/lang/Object; @ 140
Event: 66.252 Thread 0x00000000198ef800 Uncommon trap: reason=unstable_if action=reinterpret pc=0x0000000005069024 method=org.objectweb.asm.ClassWriter.a(Ljava/lang/Object;)Lorg/objectweb/asm/Item; @ 159
Event: 66.261 Thread 0x00000000198ef800 Uncommon trap: reason=unstable_if action=reinterpret pc=0x000000000506258c method=org.objectweb.asm.Type.a([CI)Lorg/objectweb/asm/Type; @ 165
Event: 66.262 Thread 0x00000000198ef800 Uncommon trap: reason=unstable_if action=reinterpret pc=0x00000000050bd3c4 method=org.objectweb.asm.Type.getArgumentsAndReturnSizes(Ljava/lang/String;)I @ 100
Event: 66.305 Thread 0x00000000198ef800 Uncommon trap: reason=unstable_if action=reinterpret pc=0x000000000504959c method=org.objectweb.asm.Item.a(Lorg/objectweb/asm/Item;)Z @ 317
Event: 66.315 Thread 0x00000000198ef800 Uncommon trap: reason=unstable_if action=reinterpret pc=0x00000000050e3bcc method=org.objectweb.asm.Type.a([CI)Lorg/objectweb/asm/Type; @ 165
Event: 66.414 Thread 0x00000000198ef800 Uncommon trap: reason=unstable_if action=reinterpret pc=0x000000000506ed3c method=org.objectweb.asm.ClassReader.a(Lorg/objectweb/asm/MethodVisitor;Lorg/objectweb/asm/Context;I)V @ 2269

Internal exceptions (10 events):
Event: 31.005 Thread 0x00000000198ef800 Exception <a 'java/lang/NoSuchMethodError': <clinit>> (0x00000000e6cc36e8) thrown at [C:\src\android\AOSP-openjdk\external\jetbrains\jdk\hotspot\src\share\vm\prims\jni.cpp, line 1591]
Event: 31.059 Thread 0x00000000198ef800 Exception <a 'java/lang/NoSuchMethodError': <clinit>> (0x00000000e6dc0f30) thrown at [C:\src\android\AOSP-openjdk\external\jetbrains\jdk\hotspot\src\share\vm\prims\jni.cpp, line 1591]
Event: 31.061 Thread 0x00000000198ef800 Exception <a 'java/lang/NoSuchMethodError': <clinit>> (0x00000000e6dd9740) thrown at [C:\src\android\AOSP-openjdk\external\jetbrains\jdk\hotspot\src\share\vm\prims\jni.cpp, line 1591]
Event: 31.061 Thread 0x00000000198ef800 Exception <a 'java/lang/NoSuchMethodError': <clinit>> (0x00000000e6ddac58) thrown at [C:\src\android\AOSP-openjdk\external\jetbrains\jdk\hotspot\src\share\vm\prims\jni.cpp, line 1591]
Event: 33.690 Thread 0x00000000198ef800 Implicit null exception at 0x0000000003e8b617 to 0x0000000003e8b75b
Event: 42.372 Thread 0x00000000198ef800 Implicit null exception at 0x00000000046754ee to 0x0000000004674179
Event: 42.372 Thread 0x00000000198ef800 Implicit null exception at 0x00000000046754ee to 0x0000000004674179
Event: 42.846 Thread 0x00000000198ef800 Implicit null exception at 0x00000000046754ee to 0x0000000004674179
Event: 55.677 Thread 0x00000000198ef800 Exception <a 'java/lang/ClassNotFoundException': com/android/build/gradle/internal/LibraryCache$1BeanInfo> (0x00000000e1707658) thrown at [C:\src\android\AOSP-openjdk\external\jetbrains\jdk\hotspot\src\share\vm\classfile\systemDictionary.cpp, line 210]
Event: 55.677 Thread 0x00000000198ef800 Exception <a 'java/lang/ClassNotFoundException': com/android/build/gradle/internal/LibraryCache$1Customizer> (0x00000000e1717ef0) thrown at [C:\src\android\AOSP-openjdk\external\jetbrains\jdk\hotspot\src\share\vm\classfile\systemDictionary.cpp, line 210]

Events (10 events):
Event: 66.315 Thread 0x00000000198ef800 DEOPT UNPACKING pc=0x00000000034d556a sp=0x000000001ad1c308 mode 2
Event: 66.414 Thread 0x00000000198ef800 Uncommon trap: trap_request=0xffffff65 fr.pc=0x000000000506ed3c
Event: 66.414 Thread 0x00000000198ef800 DEOPT PACKING pc=0x000000000506ed3c sp=0x000000001ad1bfa0
Event: 66.414 Thread 0x00000000198ef800 DEOPT UNPACKING pc=0x00000000034d556a sp=0x000000001ad1bf18 mode 2
Event: 66.502 Thread 0x00000000198ef800 DEOPT PACKING pc=0x000000000501883f sp=0x000000001ad1c4a0
Event: 66.502 Thread 0x00000000198ef800 DEOPT UNPACKING pc=0x00000000034d75bf sp=0x000000001ad1c1b8 mode 0
Event: 66.521 Thread 0x00000000198ef800 DEOPT PACKING pc=0x00000000050a63c8 sp=0x000000001ad1c210
Event: 66.521 Thread 0x00000000198ef800 DEOPT UNPACKING pc=0x00000000034d75bf sp=0x000000001ad1bff0 mode 0
Event: 66.646 Thread 0x00000000198ef800 DEOPT PACKING pc=0x0000000004fc2a70 sp=0x000000001ad1c1c0
Event: 66.646 Thread 0x00000000198ef800 DEOPT UNPACKING pc=0x00000000034d75bf sp=0x000000001ad1bee8 mode 0


Dynamic libraries:
0x00007ff764900000 - 0x00007ff764931000 	C:\Program Files\Android\Android Studio\jre\bin\java.exe
0x00007ffd8fb80000 - 0x00007ffd8fd51000 	C:\WINDOWS\SYSTEM32\ntdll.dll
0x00007ffd8d130000 - 0x00007ffd8d1db000 	C:\WINDOWS\System32\KERNEL32.DLL
0x00007ffd8c070000 - 0x00007ffd8c28d000 	C:\WINDOWS\System32\KERNELBASE.dll
0x00007ffd8dc00000 - 0x00007ffd8dca2000 	C:\WINDOWS\System32\ADVAPI32.dll
0x00007ffd8d7f0000 - 0x00007ffd8d88e000 	C:\WINDOWS\System32\msvcrt.dll
0x00007ffd8d4c0000 - 0x00007ffd8d519000 	C:\WINDOWS\System32\sechost.dll
0x00007ffd8dfe0000 - 0x00007ffd8e101000 	C:\WINDOWS\System32\RPCRT4.dll
0x00007ffd8da10000 - 0x00007ffd8db75000 	C:\WINDOWS\System32\USER32.dll
0x00007ffd8ce10000 - 0x00007ffd8ce2e000 	C:\WINDOWS\System32\win32u.dll
0x00007ffd8d320000 - 0x00007ffd8d354000 	C:\WINDOWS\System32\GDI32.dll
0x00007ffd8cc30000 - 0x00007ffd8cdb2000 	C:\WINDOWS\System32\gdi32full.dll
0x00007ffd7ee50000 - 0x00007ffd7f0ca000 	C:\WINDOWS\WinSxS\amd64_microsoft.windows.common-controls_6595b64144ccf1df_6.0.14393.953_none_42151e83c686086b\COMCTL32.dll
0x00007ffd8d520000 - 0x00007ffd8d7e8000 	C:\WINDOWS\System32\combase.dll
0x00007ffd8c330000 - 0x00007ffd8c425000 	C:\WINDOWS\System32\ucrtbase.dll
0x00007ffd8c4e0000 - 0x00007ffd8c54a000 	C:\WINDOWS\System32\bcryptPrimitives.dll
0x00007ffd8fab0000 - 0x00007ffd8fade000 	C:\WINDOWS\System32\IMM32.DLL
0x000000005e7b0000 - 0x000000005e882000 	C:\Program Files\Android\Android Studio\jre\jre\bin\msvcr100.dll
0x000000005e890000 - 0x000000005f0c4000 	C:\Program Files\Android\Android Studio\jre\jre\bin\server\jvm.dll
0x00007ffd8da00000 - 0x00007ffd8da08000 	C:\WINDOWS\System32\PSAPI.DLL
0x00007ffd76400000 - 0x00007ffd76409000 	C:\WINDOWS\SYSTEM32\WSOCK32.dll
0x00007ffd8a380000 - 0x00007ffd8a3a3000 	C:\WINDOWS\SYSTEM32\WINMM.dll
0x00007ffd7cea0000 - 0x00007ffd7ceaa000 	C:\WINDOWS\SYSTEM32\VERSION.dll
0x00007ffd8db90000 - 0x00007ffd8dbfa000 	C:\WINDOWS\System32\WS2_32.dll
0x00007ffd8a320000 - 0x00007ffd8a34b000 	C:\WINDOWS\SYSTEM32\WINMMBASE.dll
0x00007ffd8cdc0000 - 0x00007ffd8ce02000 	C:\WINDOWS\System32\cfgmgr32.dll
0x00007ffd7ddc0000 - 0x00007ffd7ddcf000 	C:\Program Files\Android\Android Studio\jre\jre\bin\verify.dll
0x00007ffd6f3f0000 - 0x00007ffd6f419000 	C:\Program Files\Android\Android Studio\jre\jre\bin\java.dll
0x00007ffd702f0000 - 0x00007ffd70306000 	C:\Program Files\Android\Android Studio\jre\jre\bin\zip.dll
0x00007ffd8e110000 - 0x00007ffd8f619000 	C:\WINDOWS\System32\SHELL32.dll
0x00007ffd8c550000 - 0x00007ffd8cc2a000 	C:\WINDOWS\System32\windows.storage.dll
0x00007ffd8c020000 - 0x00007ffd8c06c000 	C:\WINDOWS\System32\powrprof.dll
0x00007ffd8d360000 - 0x00007ffd8d3b2000 	C:\WINDOWS\System32\shlwapi.dll
0x00007ffd8c000000 - 0x00007ffd8c00f000 	C:\WINDOWS\System32\kernel.appcore.dll
0x00007ffd8d060000 - 0x00007ffd8d109000 	C:\WINDOWS\System32\shcore.dll
0x00007ffd8bfe0000 - 0x00007ffd8bff4000 	C:\WINDOWS\System32\profapi.dll
0x00007ffd6eee0000 - 0x00007ffd6eefa000 	C:\Program Files\Android\Android Studio\jre\jre\bin\net.dll
0x00007ffd8b8b0000 - 0x00007ffd8b90c000 	C:\WINDOWS\system32\mswsock.dll
0x00007ffd6eec0000 - 0x00007ffd6eed1000 	C:\Program Files\Android\Android Studio\jre\jre\bin\nio.dll
0x00007ffd6ed80000 - 0x00007ffd6ed92000 	C:\Users\morgan\.gradle\native\19\windows-amd64\native-platform.dll
0x00007ffd8ba50000 - 0x00007ffd8ba67000 	C:\WINDOWS\SYSTEM32\CRYPTSP.dll
0x00007ffd8b4b0000 - 0x00007ffd8b4e3000 	C:\WINDOWS\system32\rsaenh.dll
0x00007ffd8bf20000 - 0x00007ffd8bf4b000 	C:\WINDOWS\SYSTEM32\bcrypt.dll
0x00007ffd8b730000 - 0x00007ffd8b74f000 	C:\WINDOWS\SYSTEM32\USERENV.dll
0x00007ffd8bf10000 - 0x00007ffd8bf1b000 	C:\WINDOWS\SYSTEM32\CRYPTBASE.dll
0x00007ffd8b630000 - 0x00007ffd8b668000 	C:\WINDOWS\SYSTEM32\IPHLPAPI.DLL
0x00007ffd8db80000 - 0x00007ffd8db88000 	C:\WINDOWS\System32\NSI.dll
0x00007ffd84030000 - 0x00007ffd84046000 	C:\WINDOWS\SYSTEM32\dhcpcsvc6.DLL
0x00007ffd840e0000 - 0x00007ffd840fa000 	C:\WINDOWS\SYSTEM32\dhcpcsvc.DLL
0x00007ffd7da60000 - 0x00007ffd7da6d000 	C:\Program Files\Android\Android Studio\jre\jre\bin\management.dll
0x00007ffd8a580000 - 0x00007ffd8a5fa000 	C:\WINDOWS\system32\apphelp.dll

VM Arguments:
jvm_args: -Xmx1536m -Dfile.encoding=GBK -Duser.country=CN -Duser.language=zh -Duser.variant 
java_command: org.gradle.launcher.daemon.bootstrap.GradleDaemon 2.14.1
java_class_path (initial): C:\Program Files\Android\Android Studio\gradle\gradle-2.14.1\lib\gradle-launcher-2.14.1.jar
Launcher Type: SUN_STANDARD

Environment Variables:
PATH=C:\WINDOWS\system32;C:\WINDOWS;C:\WINDOWS\System32\Wbem;C:\WINDOWS\System32\WindowsPowerShell\v1.0\;C:\Program Files\nodejs\;C:\Program Files\Intel\WiFi\bin\;C:\Program Files\Common Files\Intel\WirelessCommon\;C:\Program Files (x86)\Windows Kits\10\Windows Performance Toolkit\;C:\Program Files\Git\cmd;C:\Users\morgan\AppData\Local\Microsoft\WindowsApps;C:\Users\morgan\AppData\Local\atom\bin;C:\Users\morgan\AppData\Roaming\npm;C:\Program Files (x86)\Microsoft VS Code\bin;C:\Users\morgan\AppData\Local\Pandoc\
USERNAME=morgan
OS=Windows_NT
PROCESSOR_IDENTIFIER=Intel64 Family 6 Model 142 Stepping 9, GenuineIntel



---------------  S Y S T E M  ---------------

OS: Windows 10.0 , 64 bit Build 14393 (10.0.14393.0)

CPU:total 4 (2 cores per cpu, 2 threads per core) family 6 model 142 stepping 9, cmov, cx8, fxsr, mmx, sse, sse2, sse3, ssse3, sse4.1, sse4.2, popcnt, avx, avx2, aes, clmul, erms, 3dnowpref, lzcnt, ht, tsc, tscinvbit, bmi1, bmi2, adx

Memory: 4k page, physical 4079252k(387208k free), swap 7184340k(2056k free)

vm_info: OpenJDK 64-Bit Server VM (25.76-b03) for windows-amd64 JRE (1.8.0_76-release-b03), built on Jun 29 2016 19:09:20 by "ralucas" with MS VC++ 10.0 (VS2010)

time: Mon Mar 27 16:02:04 2017
elapsed time: 66 seconds (0d 0h 1m 6s)

